<?xml version="1.0" encoding="UTF-8"?>
<!-- Generated by org.testng.reporters.JUnitReportReporter -->
<testsuite hostname="Anantas-Macbook-Codal.local" failures="0" tests="2" name="Fidelity.loginTest" time="18.920" errors="0" timestamp="21 Aug 2019 19:02:02 GMT" skipped="0">
  <testcase classname="Fidelity.loginTest" name="login" time="8.991"/>
  <testcase classname="Fidelity.loginTest" name="registration" time="9.929"/>
</testsuite> <!-- Fidelity.loginTest -->
