<?xml version="1.0" encoding="UTF-8"?>
<!-- Generated by org.testng.reporters.JUnitReportReporter -->
<testsuite hostname="Anantas-Macbook-Codal.local" failures="0" tests="2" name="Fidelity.PensionsTest" time="13.496" errors="0" timestamp="21 Aug 2019 19:02:02 GMT" skipped="0">
  <testcase classname="Fidelity.PensionsTest" name="validateincomeoptions" time="7.938"/>
  <testcase classname="Fidelity.PensionsTest" name="login" time="5.558"/>
</testsuite> <!-- Fidelity.PensionsTest -->
