<?xml version="1.0" encoding="UTF-8"?>
<!-- Generated by org.testng.reporters.JUnitReportReporter -->
<testsuite hostname="Anantas-Macbook-Codal.local" failures="0" tests="1" name="Fidelity.AppTest" time="0.009" errors="0" timestamp="21 Aug 2019 19:02:02 GMT" skipped="0">
  <testcase classname="Fidelity.AppTest" name="testApp" time="0.009"/>
</testsuite> <!-- Fidelity.AppTest -->
