<?xml version="1.0" encoding="UTF-8"?>
<!-- Generated by org.testng.reporters.JUnitReportReporter -->
<testsuite hostname="Anantas-Macbook-Codal.local" failures="0" tests="2" name="Fidelity.sharesTest" time="8.913" errors="0" timestamp="21 Aug 2019 19:02:02 GMT" skipped="0">
  <testcase classname="Fidelity.sharesTest" name="validatesharespage" time="4.228"/>
  <testcase classname="Fidelity.sharesTest" name="login" time="4.685"/>
</testsuite> <!-- Fidelity.sharesTest -->
