<?xml version="1.0" encoding="UTF-8"?>
<!-- Generated by org.testng.reporters.JUnitReportReporter -->
<testsuite hostname="Anantas-Macbook-Codal.local" failures="0" tests="2" name="Fidelity.HelpandSupportTest" time="16.739" errors="0" timestamp="2019-08-21T14:47:17 CDT" skipped="0">
  <testcase classname="Fidelity.HelpandSupportTest" name="login" time="14.223"/>
  <testcase classname="Fidelity.HelpandSupportTest" name="validatehelpandSupport" time="2.516"/>
</testsuite> <!-- Fidelity.HelpandSupportTest -->
