<?xml version="1.0" encoding="UTF-8"?>
<!-- Generated by org.testng.reporters.JUnitReportReporter -->
<testsuite hostname="Anantas-Macbook-Codal.local" failures="0" tests="1" name="Fidelity.AppTest" time="0.007" errors="0" timestamp="2019-08-21T14:47:17 CDT" skipped="0">
  <testcase classname="Fidelity.AppTest" name="testApp" time="0.007"/>
</testsuite> <!-- Fidelity.AppTest -->
