<?xml version="1.0" encoding="UTF-8"?>
<!-- Generated by org.testng.reporters.JUnitReportReporter -->
<testsuite hostname="Anantas-Macbook-Codal.local" failures="0" tests="2" name="Fidelity.PensionsTest" time="7.267" errors="0" timestamp="2019-08-21T14:47:17 CDT" skipped="0">
  <testcase classname="Fidelity.PensionsTest" name="login" time="5.430"/>
  <testcase classname="Fidelity.PensionsTest" name="validateincomeoptions" time="1.837"/>
</testsuite> <!-- Fidelity.PensionsTest -->
