<?xml version="1.0" encoding="UTF-8"?>
<!-- Generated by org.testng.reporters.JUnitReportReporter -->
<testsuite hostname="Anantas-Macbook-Codal.local" failures="0" tests="2" name="Fidelity.sharesTest" time="15.661" errors="0" timestamp="2019-08-21T14:47:17 CDT" skipped="0">
  <testcase classname="Fidelity.sharesTest" name="validatesharespage" time="10.497"/>
  <testcase classname="Fidelity.sharesTest" name="login" time="5.164"/>
</testsuite> <!-- Fidelity.sharesTest -->
